# Logfile created on Thu Aug 12 00:05:29 +1000 2010  [4;36;1mSQL (0.2ms)[0m   [0;1mSET NAMES 'utf8'[0m
  [4;35;1mSQL (0.1ms)[0m   [0mSET SQL_AUTO_IS_NULL=0[0m
  [4;36;1mSQL (0.1ms)[0m   [0;1mBEGIN[0m
REQUESTING PAGE: GET /services/new with {} and HTTP headers {}


Processing ServicesController#new (for 127.0.0.1 at 2010-08-12 00:06:29) [GET]
  Parameters: {"action"=>"new", "controller"=>"services"}
  [4;35;1mSQL (0.1ms)[0m   [0mROLLBACK[0m
  [4;36;1mSQL (0.1ms)[0m   [0;1mBEGIN[0m
  [4;35;1mService Columns (1.6ms)[0m   [0mSHOW FIELDS FROM `services`[0m
  [4;36;1mSQL (0.1ms)[0m   [0;1mSAVEPOINT active_record_1[0m
  [4;35;1mService Create (0.2ms)[0m   [0mINSERT INTO `services` (`min_age`, `service_name`, `created_at`, `updated_at`, `description`, `max_age`) VALUES(0, 'service_name 1', '2010-08-11 14:06:29', '2010-08-11 14:06:29', 'description 1', 0)[0m
  [4;36;1mSQL (0.1ms)[0m   [0;1mRELEASE SAVEPOINT active_record_1[0m
  [4;35;1mSQL (0.1ms)[0m   [0mSAVEPOINT active_record_1[0m
  [4;36;1mService Create (0.1ms)[0m   [0;1mINSERT INTO `services` (`min_age`, `service_name`, `created_at`, `updated_at`, `description`, `max_age`) VALUES(0, 'service_name 2', '2010-08-11 14:06:29', '2010-08-11 14:06:29', 'description 2', 0)[0m
  [4;35;1mSQL (0.1ms)[0m   [0mRELEASE SAVEPOINT active_record_1[0m
  [4;36;1mSQL (0.1ms)[0m   [0;1mSAVEPOINT active_record_1[0m
  [4;35;1mService Create (0.1ms)[0m   [0mINSERT INTO `services` (`min_age`, `service_name`, `created_at`, `updated_at`, `description`, `max_age`) VALUES(0, 'service_name 3', '2010-08-11 14:06:29', '2010-08-11 14:06:29', 'description 3', 0)[0m
  [4;36;1mSQL (0.1ms)[0m   [0;1mRELEASE SAVEPOINT active_record_1[0m
  [4;35;1mSQL (0.1ms)[0m   [0mSAVEPOINT active_record_1[0m
  [4;36;1mService Create (0.2ms)[0m   [0;1mINSERT INTO `services` (`min_age`, `service_name`, `created_at`, `updated_at`, `description`, `max_age`) VALUES(0, 'service_name 4', '2010-08-11 14:06:29', '2010-08-11 14:06:29', 'description 4', 0)[0m
  [4;35;1mSQL (0.1ms)[0m   [0mRELEASE SAVEPOINT active_record_1[0m
REQUESTING PAGE: GET /services with {} and HTTP headers {}


Processing ServicesController#index (for 127.0.0.1 at 2010-08-12 00:06:29) [GET]
  Parameters: {"action"=>"index", "controller"=>"services"}
  [4;36;1mSQL (0.7ms)[0m   [0;1mROLLBACK[0m
  [4;36;1mSQL (0.1ms)[0m   [0;1mSET NAMES 'utf8'[0m
  [4;35;1mSQL (0.1ms)[0m   [0mSET SQL_AUTO_IS_NULL=0[0m
  [4;36;1mSQL (0.1ms)[0m   [0;1mBEGIN[0m
REQUESTING PAGE: GET /services/new with {} and HTTP headers {}


Processing ServicesController#new (for 127.0.0.1 at 2010-08-12 00:10:42) [GET]
  Parameters: {"action"=>"new", "controller"=>"services"}
  [4;35;1mSQL (0.1ms)[0m   [0mROLLBACK[0m
  [4;36;1mSQL (0.1ms)[0m   [0;1mBEGIN[0m
  [4;35;1mService Columns (1.4ms)[0m   [0mSHOW FIELDS FROM `services`[0m
  [4;36;1mSQL (0.1ms)[0m   [0;1mSAVEPOINT active_record_1[0m
  [4;35;1mService Create (0.2ms)[0m   [0mINSERT INTO `services` (`min_age`, `service_name`, `created_at`, `updated_at`, `description`, `max_age`) VALUES(1, 'service_name 1', '2010-08-11 14:10:42', '2010-08-11 14:10:42', 'description 1', 1)[0m
  [4;36;1mSQL (0.1ms)[0m   [0;1mRELEASE SAVEPOINT active_record_1[0m
  [4;35;1mSQL (0.1ms)[0m   [0mSAVEPOINT active_record_1[0m
  [4;36;1mService Create (0.1ms)[0m   [0;1mINSERT INTO `services` (`min_age`, `service_name`, `created_at`, `updated_at`, `description`, `max_age`) VALUES(2, 'service_name 2', '2010-08-11 14:10:42', '2010-08-11 14:10:42', 'description 2', 2)[0m
  [4;35;1mSQL (0.1ms)[0m   [0mRELEASE SAVEPOINT active_record_1[0m
  [4;36;1mSQL (0.1ms)[0m   [0;1mSAVEPOINT active_record_1[0m
  [4;35;1mService Create (0.1ms)[0m   [0mINSERT INTO `services` (`min_age`, `service_name`, `created_at`, `updated_at`, `description`, `max_age`) VALUES(3, 'service_name 3', '2010-08-11 14:10:42', '2010-08-11 14:10:42', 'description 3', 3)[0m
  [4;36;1mSQL (0.1ms)[0m   [0;1mRELEASE SAVEPOINT active_record_1[0m
  [4;35;1mSQL (0.1ms)[0m   [0mSAVEPOINT active_record_1[0m
  [4;36;1mService Create (1.0ms)[0m   [0;1mINSERT INTO `services` (`min_age`, `service_name`, `created_at`, `updated_at`, `description`, `max_age`) VALUES(4, 'service_name 4', '2010-08-11 14:10:42', '2010-08-11 14:10:42', 'description 4', 4)[0m
  [4;35;1mSQL (0.1ms)[0m   [0mRELEASE SAVEPOINT active_record_1[0m
REQUESTING PAGE: GET /services with {} and HTTP headers {}


Processing ServicesController#index (for 127.0.0.1 at 2010-08-12 00:10:42) [GET]
  Parameters: {"action"=>"index", "controller"=>"services"}
  [4;36;1mSQL (0.8ms)[0m   [0;1mROLLBACK[0m
  [4;36;1mSQL (0.1ms)[0m   [0;1mSET NAMES 'utf8'[0m
  [4;35;1mSQL (0.1ms)[0m   [0mSET SQL_AUTO_IS_NULL=0[0m
  [4;36;1mSQL (0.1ms)[0m   [0;1mBEGIN[0m
REQUESTING PAGE: GET /services/new with {} and HTTP headers {}


Processing ServicesController#new (for 127.0.0.1 at 2010-08-12 00:16:59) [GET]
  Parameters: {"action"=>"new", "controller"=>"services"}
  [4;35;1mSQL (0.1ms)[0m   [0mROLLBACK[0m
  [4;36;1mSQL (0.1ms)[0m   [0;1mBEGIN[0m
  [4;35;1mService Columns (1.4ms)[0m   [0mSHOW FIELDS FROM `services`[0m
  [4;36;1mSQL (0.1ms)[0m   [0;1mSAVEPOINT active_record_1[0m
  [4;35;1mService Create (0.2ms)[0m   [0mINSERT INTO `services` (`min_age`, `service_name`, `created_at`, `updated_at`, `description`, `max_age`) VALUES(1, 'service_name 1', '2010-08-11 14:16:59', '2010-08-11 14:16:59', 'description 1', 1)[0m
  [4;36;1mSQL (0.1ms)[0m   [0;1mRELEASE SAVEPOINT active_record_1[0m
  [4;35;1mSQL (0.1ms)[0m   [0mSAVEPOINT active_record_1[0m
  [4;36;1mService Create (0.1ms)[0m   [0;1mINSERT INTO `services` (`min_age`, `service_name`, `created_at`, `updated_at`, `description`, `max_age`) VALUES(2, 'service_name 2', '2010-08-11 14:16:59', '2010-08-11 14:16:59', 'description 2', 2)[0m
  [4;35;1mSQL (0.1ms)[0m   [0mRELEASE SAVEPOINT active_record_1[0m
  [4;36;1mSQL (0.1ms)[0m   [0;1mSAVEPOINT active_record_1[0m
  [4;35;1mService Create (0.1ms)[0m   [0mINSERT INTO `services` (`min_age`, `service_name`, `created_at`, `updated_at`, `description`, `max_age`) VALUES(3, 'service_name 3', '2010-08-11 14:16:59', '2010-08-11 14:16:59', 'description 3', 3)[0m
  [4;36;1mSQL (0.1ms)[0m   [0;1mRELEASE SAVEPOINT active_record_1[0m
  [4;35;1mSQL (0.1ms)[0m   [0mSAVEPOINT active_record_1[0m
  [4;36;1mService Create (0.9ms)[0m   [0;1mINSERT INTO `services` (`min_age`, `service_name`, `created_at`, `updated_at`, `description`, `max_age`) VALUES(4, 'service_name 4', '2010-08-11 14:16:59', '2010-08-11 14:16:59', 'description 4', 4)[0m
  [4;35;1mSQL (0.1ms)[0m   [0mRELEASE SAVEPOINT active_record_1[0m
REQUESTING PAGE: GET /services with {} and HTTP headers {}


Processing ServicesController#index (for 127.0.0.1 at 2010-08-12 00:16:59) [GET]
  Parameters: {"action"=>"index", "controller"=>"services"}
  [4;36;1mSQL (0.8ms)[0m   [0;1mROLLBACK[0m
  [4;36;1mSQL (0.1ms)[0m   [0;1mSET NAMES 'utf8'[0m
  [4;35;1mSQL (0.1ms)[0m   [0mSET SQL_AUTO_IS_NULL=0[0m
  [4;36;1mSQL (0.1ms)[0m   [0;1mBEGIN[0m
REQUESTING PAGE: GET /services/new with {} and HTTP headers {}


Processing ServicesController#new (for 127.0.0.1 at 2010-08-12 00:18:35) [GET]
  Parameters: {"action"=>"new", "controller"=>"services"}
  [4;35;1mSQL (0.1ms)[0m   [0mROLLBACK[0m
  [4;36;1mSQL (0.1ms)[0m   [0;1mBEGIN[0m
  [4;35;1mService Columns (1.4ms)[0m   [0mSHOW FIELDS FROM `services`[0m
  [4;36;1mSQL (0.1ms)[0m   [0;1mSAVEPOINT active_record_1[0m
  [4;35;1mService Create (0.2ms)[0m   [0mINSERT INTO `services` (`min_age`, `service_name`, `created_at`, `updated_at`, `description`, `max_age`) VALUES(1, 'service_name 1', '2010-08-11 14:18:35', '2010-08-11 14:18:35', 'description 1', 1)[0m
  [4;36;1mSQL (0.1ms)[0m   [0;1mRELEASE SAVEPOINT active_record_1[0m
  [4;35;1mSQL (0.1ms)[0m   [0mSAVEPOINT active_record_1[0m
  [4;36;1mService Create (0.1ms)[0m   [0;1mINSERT INTO `services` (`min_age`, `service_name`, `created_at`, `updated_at`, `description`, `max_age`) VALUES(2, 'service_name 2', '2010-08-11 14:18:35', '2010-08-11 14:18:35', 'description 2', 2)[0m
  [4;35;1mSQL (0.1ms)[0m   [0mRELEASE SAVEPOINT active_record_1[0m
  [4;36;1mSQL (0.1ms)[0m   [0;1mSAVEPOINT active_record_1[0m
  [4;35;1mService Create (0.1ms)[0m   [0mINSERT INTO `services` (`min_age`, `service_name`, `created_at`, `updated_at`, `description`, `max_age`) VALUES(3, 'service_name 3', '2010-08-11 14:18:35', '2010-08-11 14:18:35', 'description 3', 3)[0m
  [4;36;1mSQL (0.1ms)[0m   [0;1mRELEASE SAVEPOINT active_record_1[0m
  [4;35;1mSQL (0.1ms)[0m   [0mSAVEPOINT active_record_1[0m
  [4;36;1mService Create (1.3ms)[0m   [0;1mINSERT INTO `services` (`min_age`, `service_name`, `created_at`, `updated_at`, `description`, `max_age`) VALUES(4, 'service_name 4', '2010-08-11 14:18:35', '2010-08-11 14:18:35', 'description 4', 4)[0m
  [4;35;1mSQL (0.1ms)[0m   [0mRELEASE SAVEPOINT active_record_1[0m
REQUESTING PAGE: GET /services with {} and HTTP headers {}


Processing ServicesController#index (for 127.0.0.1 at 2010-08-12 00:18:35) [GET]
  Parameters: {"action"=>"index", "controller"=>"services"}
  [4;36;1mSQL (0.7ms)[0m   [0;1mROLLBACK[0m
  [4;36;1mSQL (0.1ms)[0m   [0;1mSET NAMES 'utf8'[0m
  [4;35;1mSQL (0.1ms)[0m   [0mSET SQL_AUTO_IS_NULL=0[0m
  [4;36;1mSQL (0.1ms)[0m   [0;1mBEGIN[0m
REQUESTING PAGE: GET /services/new with {} and HTTP headers {}


Processing ServicesController#new (for 127.0.0.1 at 2010-08-12 00:24:14) [GET]
  Parameters: {"action"=>"new", "controller"=>"services"}
  [4;35;1mSQL (0.1ms)[0m   [0mROLLBACK[0m
  [4;36;1mSQL (0.1ms)[0m   [0;1mBEGIN[0m
  [4;35;1mService Columns (1.4ms)[0m   [0mSHOW FIELDS FROM `services`[0m
  [4;36;1mSQL (0.1ms)[0m   [0;1mSAVEPOINT active_record_1[0m
  [4;35;1mService Create (0.2ms)[0m   [0mINSERT INTO `services` (`min_age`, `service_name`, `created_at`, `updated_at`, `description`, `max_age`) VALUES(1, 'service_name 1', '2010-08-11 14:24:14', '2010-08-11 14:24:14', 'description 1', 1)[0m
  [4;36;1mSQL (0.1ms)[0m   [0;1mRELEASE SAVEPOINT active_record_1[0m
  [4;35;1mSQL (0.1ms)[0m   [0mSAVEPOINT active_record_1[0m
  [4;36;1mService Create (0.1ms)[0m   [0;1mINSERT INTO `services` (`min_age`, `service_name`, `created_at`, `updated_at`, `description`, `max_age`) VALUES(2, 'service_name 2', '2010-08-11 14:24:14', '2010-08-11 14:24:14', 'description 2', 2)[0m
  [4;35;1mSQL (0.1ms)[0m   [0mRELEASE SAVEPOINT active_record_1[0m
  [4;36;1mSQL (0.1ms)[0m   [0;1mSAVEPOINT active_record_1[0m
  [4;35;1mService Create (0.1ms)[0m   [0mINSERT INTO `services` (`min_age`, `service_name`, `created_at`, `updated_at`, `description`, `max_age`) VALUES(3, 'service_name 3', '2010-08-11 14:24:14', '2010-08-11 14:24:14', 'description 3', 3)[0m
  [4;36;1mSQL (0.1ms)[0m   [0;1mRELEASE SAVEPOINT active_record_1[0m
  [4;35;1mSQL (0.1ms)[0m   [0mSAVEPOINT active_record_1[0m
  [4;36;1mService Create (1.1ms)[0m   [0;1mINSERT INTO `services` (`min_age`, `service_name`, `created_at`, `updated_at`, `description`, `max_age`) VALUES(4, 'service_name 4', '2010-08-11 14:24:14', '2010-08-11 14:24:14', 'description 4', 4)[0m
  [4;35;1mSQL (0.1ms)[0m   [0mRELEASE SAVEPOINT active_record_1[0m
REQUESTING PAGE: GET /services with {} and HTTP headers {}


Processing ServicesController#index (for 127.0.0.1 at 2010-08-12 00:24:14) [GET]
  Parameters: {"action"=>"index", "controller"=>"services"}
  [4;36;1mSQL (0.7ms)[0m   [0;1mROLLBACK[0m
  [4;36;1mSQL (0.1ms)[0m   [0;1mSET NAMES 'utf8'[0m
  [4;35;1mSQL (0.1ms)[0m   [0mSET SQL_AUTO_IS_NULL=0[0m
  [4;36;1mSQL (0.1ms)[0m   [0;1mBEGIN[0m
REQUESTING PAGE: GET /services/new with {} and HTTP headers {}


Processing ServicesController#new (for 127.0.0.1 at 2010-08-12 00:35:01) [GET]
  Parameters: {"action"=>"new", "controller"=>"services"}
  [4;35;1mSQL (0.1ms)[0m   [0mROLLBACK[0m
  [4;36;1mSQL (0.1ms)[0m   [0;1mBEGIN[0m
  [4;35;1mService Columns (1.4ms)[0m   [0mSHOW FIELDS FROM `services`[0m
  [4;36;1mSQL (0.1ms)[0m   [0;1mSAVEPOINT active_record_1[0m
  [4;35;1mService Create (0.2ms)[0m   [0mINSERT INTO `services` (`min_age`, `service_name`, `created_at`, `updated_at`, `description`, `max_age`) VALUES(1, 'service_name 1', '2010-08-11 14:35:01', '2010-08-11 14:35:01', 'description 1', 1)[0m
  [4;36;1mSQL (0.1ms)[0m   [0;1mRELEASE SAVEPOINT active_record_1[0m
  [4;35;1mSQL (0.1ms)[0m   [0mSAVEPOINT active_record_1[0m
  [4;36;1mService Create (0.1ms)[0m   [0;1mINSERT INTO `services` (`min_age`, `service_name`, `created_at`, `updated_at`, `description`, `max_age`) VALUES(2, 'service_name 2', '2010-08-11 14:35:01', '2010-08-11 14:35:01', 'description 2', 2)[0m
  [4;35;1mSQL (0.1ms)[0m   [0mRELEASE SAVEPOINT active_record_1[0m
  [4;36;1mSQL (0.1ms)[0m   [0;1mSAVEPOINT active_record_1[0m
  [4;35;1mService Create (0.1ms)[0m   [0mINSERT INTO `services` (`min_age`, `service_name`, `created_at`, `updated_at`, `description`, `max_age`) VALUES(3, 'service_name 3', '2010-08-11 14:35:01', '2010-08-11 14:35:01', 'description 3', 3)[0m
  [4;36;1mSQL (0.1ms)[0m   [0;1mRELEASE SAVEPOINT active_record_1[0m
  [4;35;1mSQL (0.1ms)[0m   [0mSAVEPOINT active_record_1[0m
  [4;36;1mService Create (0.3ms)[0m   [0;1mINSERT INTO `services` (`min_age`, `service_name`, `created_at`, `updated_at`, `description`, `max_age`) VALUES(4, 'service_name 4', '2010-08-11 14:35:01', '2010-08-11 14:35:01', 'description 4', 4)[0m
  [4;35;1mSQL (0.1ms)[0m   [0mRELEASE SAVEPOINT active_record_1[0m
REQUESTING PAGE: GET /services with {} and HTTP headers {}


Processing ServicesController#index (for 127.0.0.1 at 2010-08-12 00:35:01) [GET]
  Parameters: {"action"=>"index", "controller"=>"services"}
  [4;36;1mSQL (0.8ms)[0m   [0;1mROLLBACK[0m
  [4;36;1mSQL (0.1ms)[0m   [0;1mSET NAMES 'utf8'[0m
  [4;35;1mSQL (0.1ms)[0m   [0mSET SQL_AUTO_IS_NULL=0[0m
  [4;36;1mSQL (0.1ms)[0m   [0;1mBEGIN[0m
REQUESTING PAGE: GET /services/new with {} and HTTP headers {}


Processing ServicesController#new (for 127.0.0.1 at 2010-08-12 00:42:42) [GET]
  Parameters: {"action"=>"new", "controller"=>"services"}
  [4;35;1mSQL (0.1ms)[0m   [0mROLLBACK[0m
  [4;36;1mSQL (0.1ms)[0m   [0;1mBEGIN[0m
  [4;35;1mService Columns (1.4ms)[0m   [0mSHOW FIELDS FROM `services`[0m
  [4;36;1mSQL (0.1ms)[0m   [0;1mSAVEPOINT active_record_1[0m
  [4;35;1mService Create (0.2ms)[0m   [0mINSERT INTO `services` (`min_age`, `service_name`, `created_at`, `updated_at`, `description`, `max_age`) VALUES(1, 'service_name 1', '2010-08-11 14:42:42', '2010-08-11 14:42:42', 'description 1', 1)[0m
  [4;36;1mSQL (0.1ms)[0m   [0;1mRELEASE SAVEPOINT active_record_1[0m
  [4;35;1mSQL (0.1ms)[0m   [0mSAVEPOINT active_record_1[0m
  [4;36;1mService Create (0.1ms)[0m   [0;1mINSERT INTO `services` (`min_age`, `service_name`, `created_at`, `updated_at`, `description`, `max_age`) VALUES(2, 'service_name 2', '2010-08-11 14:42:42', '2010-08-11 14:42:42', 'description 2', 2)[0m
  [4;35;1mSQL (0.1ms)[0m   [0mRELEASE SAVEPOINT active_record_1[0m
  [4;36;1mSQL (0.1ms)[0m   [0;1mSAVEPOINT active_record_1[0m
  [4;35;1mService Create (0.1ms)[0m   [0mINSERT INTO `services` (`min_age`, `service_name`, `created_at`, `updated_at`, `description`, `max_age`) VALUES(3, 'service_name 3', '2010-08-11 14:42:42', '2010-08-11 14:42:42', 'description 3', 3)[0m
  [4;36;1mSQL (0.1ms)[0m   [0;1mRELEASE SAVEPOINT active_record_1[0m
  [4;35;1mSQL (0.1ms)[0m   [0mSAVEPOINT active_record_1[0m
  [4;36;1mService Create (0.3ms)[0m   [0;1mINSERT INTO `services` (`min_age`, `service_name`, `created_at`, `updated_at`, `description`, `max_age`) VALUES(4, 'service_name 4', '2010-08-11 14:42:42', '2010-08-11 14:42:42', 'description 4', 4)[0m
  [4;35;1mSQL (0.2ms)[0m   [0mRELEASE SAVEPOINT active_record_1[0m
REQUESTING PAGE: GET /services with {} and HTTP headers {}


Processing ServicesController#index (for 127.0.0.1 at 2010-08-12 00:42:42) [GET]
  Parameters: {"action"=>"index", "controller"=>"services"}
  [4;36;1mSQL (0.8ms)[0m   [0;1mROLLBACK[0m
  [4;36;1mSQL (0.1ms)[0m   [0;1mSET NAMES 'utf8'[0m
  [4;35;1mSQL (0.1ms)[0m   [0mSET SQL_AUTO_IS_NULL=0[0m
  [4;36;1mSQL (0.1ms)[0m   [0;1mBEGIN[0m
REQUESTING PAGE: GET /services/new with {} and HTTP headers {}


Processing ServicesController#new (for 127.0.0.1 at 2010-08-12 00:44:03) [GET]
  Parameters: {"action"=>"new", "controller"=>"services"}
REQUESTING PAGE: GET /users/sign_in with {} and HTTP headers {"HTTP_REFERER"=>"/services/new"}


Processing SessionsController#new (for 127.0.0.1 at 2010-08-12 00:44:03) [GET]
  Parameters: {"action"=>"new", "controller"=>"sessions"}
  [4;35;1mUser Columns (1.9ms)[0m   [0mSHOW FIELDS FROM `users`[0m
Rendering template within layouts/application
Rendering sessions/new
Rendered shared/_devise_links (1.5ms)
Completed in 34ms (View: 28, DB: 2) | 200 OK [http://www.example.com/users/sign_in]
  [4;36;1mSQL (0.1ms)[0m   [0;1mROLLBACK[0m
  [4;35;1mSQL (0.1ms)[0m   [0mBEGIN[0m
  [4;36;1mService Columns (1.5ms)[0m   [0;1mSHOW FIELDS FROM `services`[0m
  [4;35;1mSQL (0.1ms)[0m   [0mSAVEPOINT active_record_1[0m
  [4;36;1mService Create (0.2ms)[0m   [0;1mINSERT INTO `services` (`min_age`, `service_name`, `created_at`, `updated_at`, `description`, `max_age`) VALUES(1, 'service_name 1', '2010-08-11 14:44:03', '2010-08-11 14:44:03', 'description 1', 1)[0m
  [4;35;1mSQL (0.1ms)[0m   [0mRELEASE SAVEPOINT active_record_1[0m
  [4;36;1mSQL (0.1ms)[0m   [0;1mSAVEPOINT active_record_1[0m
  [4;35;1mService Create (0.2ms)[0m   [0mINSERT INTO `services` (`min_age`, `service_name`, `created_at`, `updated_at`, `description`, `max_age`) VALUES(2, 'service_name 2', '2010-08-11 14:44:03', '2010-08-11 14:44:03', 'description 2', 2)[0m
  [4;36;1mSQL (0.1ms)[0m   [0;1mRELEASE SAVEPOINT active_record_1[0m
  [4;35;1mSQL (0.1ms)[0m   [0mSAVEPOINT active_record_1[0m
  [4;36;1mService Create (0.1ms)[0m   [0;1mINSERT INTO `services` (`min_age`, `service_name`, `created_at`, `updated_at`, `description`, `max_age`) VALUES(3, 'service_name 3', '2010-08-11 14:44:03', '2010-08-11 14:44:03', 'description 3', 3)[0m
  [4;35;1mSQL (0.1ms)[0m   [0mRELEASE SAVEPOINT active_record_1[0m
  [4;36;1mSQL (0.1ms)[0m   [0;1mSAVEPOINT active_record_1[0m
  [4;35;1mService Create (0.1ms)[0m   [0mINSERT INTO `services` (`min_age`, `service_name`, `created_at`, `updated_at`, `description`, `max_age`) VALUES(4, 'service_name 4', '2010-08-11 14:44:03', '2010-08-11 14:44:03', 'description 4', 4)[0m
  [4;36;1mSQL (0.6ms)[0m   [0;1mRELEASE SAVEPOINT active_record_1[0m
REQUESTING PAGE: GET /services with {} and HTTP headers {}


Processing ServicesController#index (for 127.0.0.1 at 2010-08-12 00:44:03) [GET]
  Parameters: {"action"=>"index", "controller"=>"services"}
  [4;35;1mSQL (0.7ms)[0m   [0mROLLBACK[0m
  [4;36;1mSQL (0.1ms)[0m   [0;1mSET NAMES 'utf8'[0m
  [4;35;1mSQL (0.1ms)[0m   [0mSET SQL_AUTO_IS_NULL=0[0m
  [4;36;1mSQL (0.1ms)[0m   [0;1mBEGIN[0m
REQUESTING PAGE: GET /services/new with {} and HTTP headers {}


Processing ServicesController#new (for 127.0.0.1 at 2010-08-12 00:47:04) [GET]
  Parameters: {"action"=>"new", "controller"=>"services"}
REQUESTING PAGE: GET /users/sign_in with {} and HTTP headers {"HTTP_REFERER"=>"/services/new"}


Processing SessionsController#new (for 127.0.0.1 at 2010-08-12 00:47:04) [GET]
  Parameters: {"action"=>"new", "controller"=>"sessions"}
  [4;35;1mUser Columns (1.7ms)[0m   [0mSHOW FIELDS FROM `users`[0m
Rendering template within layouts/application
Rendering sessions/new
Rendered shared/_devise_links (2.1ms)
Completed in 21ms (View: 15, DB: 2) | 200 OK [http://www.example.com/users/sign_in]
REQUESTING PAGE: POST /users/sign_in with {"user"=>{"remember_me"=>"0", "password"=>"testor", "email"=>"jason@skys.org.au"}} and HTTP headers {"HTTP_REFERER"=>"/users/sign_in"}


Processing SessionsController#create (for 127.0.0.1 at 2010-08-12 00:47:04) [POST]
  Parameters: {"action"=>"create", "controller"=>"sessions", "user"=>{"remember_me"=>"0", "password"=>"[FILTERED]", "email"=>"jason@skys.org.au"}}
  [4;36;1mUser Load (0.3ms)[0m   [0;1mSELECT * FROM `users` WHERE (`users`.`email` = 'jason@skys.org.au') LIMIT 1[0m
WARNING: Can't mass-assign these protected attributes: remember_me
Rendering template within layouts/application
Rendering sessions/new
Rendered shared/_devise_links (0.6ms)
Completed in 61ms (View: 4, DB: 0) | 200 OK [http://www.example.com/users/sign_in]
  [4;35;1mSQL (0.1ms)[0m   [0mROLLBACK[0m
  [4;36;1mSQL (0.1ms)[0m   [0;1mBEGIN[0m
  [4;35;1mService Columns (1.3ms)[0m   [0mSHOW FIELDS FROM `services`[0m
  [4;36;1mSQL (0.1ms)[0m   [0;1mSAVEPOINT active_record_1[0m
  [4;35;1mService Create (0.2ms)[0m   [0mINSERT INTO `services` (`min_age`, `service_name`, `created_at`, `updated_at`, `description`, `max_age`) VALUES(1, 'service_name 1', '2010-08-11 14:47:04', '2010-08-11 14:47:04', 'description 1', 1)[0m
  [4;36;1mSQL (0.1ms)[0m   [0;1mRELEASE SAVEPOINT active_record_1[0m
  [4;35;1mSQL (0.1ms)[0m   [0mSAVEPOINT active_record_1[0m
  [4;36;1mService Create (0.1ms)[0m   [0;1mINSERT INTO `services` (`min_age`, `service_name`, `created_at`, `updated_at`, `description`, `max_age`) VALUES(2, 'service_name 2', '2010-08-11 14:47:04', '2010-08-11 14:47:04', 'description 2', 2)[0m
  [4;35;1mSQL (0.1ms)[0m   [0mRELEASE SAVEPOINT active_record_1[0m
  [4;36;1mSQL (0.1ms)[0m   [0;1mSAVEPOINT active_record_1[0m
  [4;35;1mService Create (0.1ms)[0m   [0mINSERT INTO `services` (`min_age`, `service_name`, `created_at`, `updated_at`, `description`, `max_age`) VALUES(3, 'service_name 3', '2010-08-11 14:47:04', '2010-08-11 14:47:04', 'description 3', 3)[0m
  [4;36;1mSQL (0.1ms)[0m   [0;1mRELEASE SAVEPOINT active_record_1[0m
  [4;35;1mSQL (0.1ms)[0m   [0mSAVEPOINT active_record_1[0m
  [4;36;1mService Create (0.1ms)[0m   [0;1mINSERT INTO `services` (`min_age`, `service_name`, `created_at`, `updated_at`, `description`, `max_age`) VALUES(4, 'service_name 4', '2010-08-11 14:47:04', '2010-08-11 14:47:04', 'description 4', 4)[0m
  [4;35;1mSQL (0.1ms)[0m   [0mRELEASE SAVEPOINT active_record_1[0m
REQUESTING PAGE: GET /services with {} and HTTP headers {}


Processing ServicesController#index (for 127.0.0.1 at 2010-08-12 00:47:04) [GET]
  Parameters: {"action"=>"index", "controller"=>"services"}
  [4;36;1mSQL (0.8ms)[0m   [0;1mROLLBACK[0m
  [4;36;1mSQL (0.1ms)[0m   [0;1mSET NAMES 'utf8'[0m
  [4;35;1mSQL (0.1ms)[0m   [0mSET SQL_AUTO_IS_NULL=0[0m
  [4;36;1mSQL (0.1ms)[0m   [0;1mBEGIN[0m
REQUESTING PAGE: GET /services/new with {} and HTTP headers {}


Processing ServicesController#new (for 127.0.0.1 at 2010-08-12 00:51:35) [GET]
  Parameters: {"action"=>"new", "controller"=>"services"}
REQUESTING PAGE: GET /users/sign_in with {} and HTTP headers {"HTTP_REFERER"=>"/services/new"}


Processing SessionsController#new (for 127.0.0.1 at 2010-08-12 00:51:35) [GET]
  Parameters: {"action"=>"new", "controller"=>"sessions"}
  [4;35;1mUser Columns (1.8ms)[0m   [0mSHOW FIELDS FROM `users`[0m
Rendering template within layouts/application
Rendering sessions/new
Rendered shared/_devise_links (1.5ms)
Completed in 21ms (View: 15, DB: 2) | 200 OK [http://www.example.com/users/sign_in]
REQUESTING PAGE: POST /users/sign_in with {"user"=>{"remember_me"=>"0", "password"=>"testor", "email"=>"jason@skys.org.au"}} and HTTP headers {"HTTP_REFERER"=>"/users/sign_in"}


Processing SessionsController#create (for 127.0.0.1 at 2010-08-12 00:51:35) [POST]
  Parameters: {"action"=>"create", "controller"=>"sessions", "user"=>{"remember_me"=>"0", "password"=>"[FILTERED]", "email"=>"jason@skys.org.au"}}
  [4;36;1mUser Load (0.3ms)[0m   [0;1mSELECT * FROM `users` WHERE (`users`.`email` = 'jason@skys.org.au') LIMIT 1[0m
WARNING: Can't mass-assign these protected attributes: remember_me
Rendering template within layouts/application
Rendering sessions/new
Rendered shared/_devise_links (0.5ms)
Completed in 9ms (View: 3, DB: 0) | 200 OK [http://www.example.com/users/sign_in]
  [4;35;1mSQL (0.1ms)[0m   [0mROLLBACK[0m
  [4;36;1mSQL (0.1ms)[0m   [0;1mBEGIN[0m
  [4;35;1mService Columns (1.3ms)[0m   [0mSHOW FIELDS FROM `services`[0m
  [4;36;1mSQL (0.1ms)[0m   [0;1mSAVEPOINT active_record_1[0m
  [4;35;1mService Create (0.2ms)[0m   [0mINSERT INTO `services` (`min_age`, `service_name`, `created_at`, `updated_at`, `description`, `max_age`) VALUES(1, 'service_name 1', '2010-08-11 14:51:35', '2010-08-11 14:51:35', 'description 1', 1)[0m
  [4;36;1mSQL (0.1ms)[0m   [0;1mRELEASE SAVEPOINT active_record_1[0m
  [4;35;1mSQL (0.1ms)[0m   [0mSAVEPOINT active_record_1[0m
  [4;36;1mService Create (0.1ms)[0m   [0;1mINSERT INTO `services` (`min_age`, `service_name`, `created_at`, `updated_at`, `description`, `max_age`) VALUES(2, 'service_name 2', '2010-08-11 14:51:35', '2010-08-11 14:51:35', 'description 2', 2)[0m
  [4;35;1mSQL (0.1ms)[0m   [0mRELEASE SAVEPOINT active_record_1[0m
  [4;36;1mSQL (0.1ms)[0m   [0;1mSAVEPOINT active_record_1[0m
  [4;35;1mService Create (0.1ms)[0m   [0mINSERT INTO `services` (`min_age`, `service_name`, `created_at`, `updated_at`, `description`, `max_age`) VALUES(3, 'service_name 3', '2010-08-11 14:51:35', '2010-08-11 14:51:35', 'description 3', 3)[0m
  [4;36;1mSQL (0.1ms)[0m   [0;1mRELEASE SAVEPOINT active_record_1[0m
  [4;35;1mSQL (0.1ms)[0m   [0mSAVEPOINT active_record_1[0m
  [4;36;1mService Create (0.1ms)[0m   [0;1mINSERT INTO `services` (`min_age`, `service_name`, `created_at`, `updated_at`, `description`, `max_age`) VALUES(4, 'service_name 4', '2010-08-11 14:51:35', '2010-08-11 14:51:35', 'description 4', 4)[0m
  [4;35;1mSQL (0.7ms)[0m   [0mRELEASE SAVEPOINT active_record_1[0m
REQUESTING PAGE: GET /services with {} and HTTP headers {}


Processing ServicesController#index (for 127.0.0.1 at 2010-08-12 00:51:35) [GET]
  Parameters: {"action"=>"index", "controller"=>"services"}
  [4;36;1mSQL (0.7ms)[0m   [0;1mROLLBACK[0m
  [4;36;1mSQL (0.1ms)[0m   [0;1mSET NAMES 'utf8'[0m
  [4;35;1mSQL (0.1ms)[0m   [0mSET SQL_AUTO_IS_NULL=0[0m
  [4;36;1mSQL (0.1ms)[0m   [0;1mBEGIN[0m
REQUESTING PAGE: GET /services/new with {} and HTTP headers {}


Processing ServicesController#new (for 127.0.0.1 at 2010-08-12 00:53:14) [GET]
  Parameters: {"action"=>"new", "controller"=>"services"}
REQUESTING PAGE: GET /users/sign_in with {} and HTTP headers {"HTTP_REFERER"=>"/services/new"}


Processing SessionsController#new (for 127.0.0.1 at 2010-08-12 00:53:14) [GET]
  Parameters: {"action"=>"new", "controller"=>"sessions"}
  [4;35;1mUser Columns (1.7ms)[0m   [0mSHOW FIELDS FROM `users`[0m
Rendering template within layouts/application
Rendering sessions/new
Rendered shared/_devise_links (1.8ms)
Completed in 20ms (View: 14, DB: 2) | 200 OK [http://www.example.com/users/sign_in]
REQUESTING PAGE: POST /users/sign_in with {"user"=>{"remember_me"=>"0", "password"=>"testor", "email"=>"jason@skys.org.au"}} and HTTP headers {"HTTP_REFERER"=>"/users/sign_in"}


Processing SessionsController#create (for 127.0.0.1 at 2010-08-12 00:53:14) [POST]
  Parameters: {"action"=>"create", "controller"=>"sessions", "user"=>{"remember_me"=>"0", "password"=>"[FILTERED]", "email"=>"jason@skys.org.au"}}
  [4;36;1mUser Load (0.3ms)[0m   [0;1mSELECT * FROM `users` WHERE (`users`.`email` = 'jason@skys.org.au') LIMIT 1[0m
WARNING: Can't mass-assign these protected attributes: remember_me
Rendering template within layouts/application
Rendering sessions/new
Rendered shared/_devise_links (0.5ms)
Completed in 10ms (View: 3, DB: 0) | 200 OK [http://www.example.com/users/sign_in]
  [4;35;1mSQL (0.1ms)[0m   [0mROLLBACK[0m
  [4;36;1mSQL (0.1ms)[0m   [0;1mBEGIN[0m
  [4;35;1mService Columns (1.4ms)[0m   [0mSHOW FIELDS FROM `services`[0m
  [4;36;1mSQL (0.1ms)[0m   [0;1mSAVEPOINT active_record_1[0m
  [4;35;1mService Create (0.2ms)[0m   [0mINSERT INTO `services` (`min_age`, `service_name`, `created_at`, `updated_at`, `description`, `max_age`) VALUES(1, 'service_name 1', '2010-08-11 14:53:14', '2010-08-11 14:53:14', 'description 1', 1)[0m
  [4;36;1mSQL (0.1ms)[0m   [0;1mRELEASE SAVEPOINT active_record_1[0m
  [4;35;1mSQL (0.1ms)[0m   [0mSAVEPOINT active_record_1[0m
  [4;36;1mService Create (0.1ms)[0m   [0;1mINSERT INTO `services` (`min_age`, `service_name`, `created_at`, `updated_at`, `description`, `max_age`) VALUES(2, 'service_name 2', '2010-08-11 14:53:14', '2010-08-11 14:53:14', 'description 2', 2)[0m
  [4;35;1mSQL (0.1ms)[0m   [0mRELEASE SAVEPOINT active_record_1[0m
  [4;36;1mSQL (0.1ms)[0m   [0;1mSAVEPOINT active_record_1[0m
  [4;35;1mService Create (0.1ms)[0m   [0mINSERT INTO `services` (`min_age`, `service_name`, `created_at`, `updated_at`, `description`, `max_age`) VALUES(3, 'service_name 3', '2010-08-11 14:53:14', '2010-08-11 14:53:14', 'description 3', 3)[0m
  [4;36;1mSQL (0.1ms)[0m   [0;1mRELEASE SAVEPOINT active_record_1[0m
  [4;35;1mSQL (0.1ms)[0m   [0mSAVEPOINT active_record_1[0m
  [4;36;1mService Create (0.1ms)[0m   [0;1mINSERT INTO `services` (`min_age`, `service_name`, `created_at`, `updated_at`, `description`, `max_age`) VALUES(4, 'service_name 4', '2010-08-11 14:53:14', '2010-08-11 14:53:14', 'description 4', 4)[0m
  [4;35;1mSQL (0.2ms)[0m   [0mRELEASE SAVEPOINT active_record_1[0m
REQUESTING PAGE: GET /services with {} and HTTP headers {}


Processing ServicesController#index (for 127.0.0.1 at 2010-08-12 00:53:14) [GET]
  Parameters: {"action"=>"index", "controller"=>"services"}
  [4;36;1mSQL (0.7ms)[0m   [0;1mROLLBACK[0m
  [4;36;1mSQL (0.1ms)[0m   [0;1mSET NAMES 'utf8'[0m
  [4;35;1mSQL (0.1ms)[0m   [0mSET SQL_AUTO_IS_NULL=0[0m
  [4;36;1mSQL (0.1ms)[0m   [0;1mBEGIN[0m
REQUESTING PAGE: GET /services/new with {} and HTTP headers {}


Processing ServicesController#new (for 127.0.0.1 at 2010-08-12 00:54:10) [GET]
  Parameters: {"action"=>"new", "controller"=>"services"}
REQUESTING PAGE: GET /users/sign_in with {} and HTTP headers {"HTTP_REFERER"=>"/services/new"}


Processing SessionsController#new (for 127.0.0.1 at 2010-08-12 00:54:10) [GET]
  Parameters: {"action"=>"new", "controller"=>"sessions"}
  [4;35;1mUser Columns (1.7ms)[0m   [0mSHOW FIELDS FROM `users`[0m
Rendering template within layouts/application
Rendering sessions/new
Rendered shared/_devise_links (2.4ms)
Completed in 21ms (View: 15, DB: 2) | 200 OK [http://www.example.com/users/sign_in]
REQUESTING PAGE: POST /users/sign_in with {"user"=>{"remember_me"=>"0", "password"=>"testor", "email"=>"jason@skys.org.au"}} and HTTP headers {"HTTP_REFERER"=>"/users/sign_in"}


Processing SessionsController#create (for 127.0.0.1 at 2010-08-12 00:54:10) [POST]
  Parameters: {"action"=>"create", "controller"=>"sessions", "user"=>{"remember_me"=>"0", "password"=>"[FILTERED]", "email"=>"jason@skys.org.au"}}
  [4;36;1mUser Load (0.3ms)[0m   [0;1mSELECT * FROM `users` WHERE (`users`.`email` = 'jason@skys.org.au') LIMIT 1[0m
WARNING: Can't mass-assign these protected attributes: remember_me
Rendering template within layouts/application
Rendering sessions/new
Rendered shared/_devise_links (0.5ms)
Completed in 10ms (View: 3, DB: 0) | 200 OK [http://www.example.com/users/sign_in]
  [4;35;1mSQL (0.1ms)[0m   [0mROLLBACK[0m
  [4;36;1mSQL (0.1ms)[0m   [0;1mBEGIN[0m
  [4;35;1mService Columns (1.4ms)[0m   [0mSHOW FIELDS FROM `services`[0m
  [4;36;1mSQL (0.1ms)[0m   [0;1mSAVEPOINT active_record_1[0m
  [4;35;1mService Create (0.2ms)[0m   [0mINSERT INTO `services` (`min_age`, `service_name`, `created_at`, `updated_at`, `description`, `max_age`) VALUES(1, 'service_name 1', '2010-08-11 14:54:10', '2010-08-11 14:54:10', 'description 1', 1)[0m
  [4;36;1mSQL (0.1ms)[0m   [0;1mRELEASE SAVEPOINT active_record_1[0m
  [4;35;1mSQL (0.1ms)[0m   [0mSAVEPOINT active_record_1[0m
  [4;36;1mService Create (0.2ms)[0m   [0;1mINSERT INTO `services` (`min_age`, `service_name`, `created_at`, `updated_at`, `description`, `max_age`) VALUES(2, 'service_name 2', '2010-08-11 14:54:10', '2010-08-11 14:54:10', 'description 2', 2)[0m
  [4;35;1mSQL (0.1ms)[0m   [0mRELEASE SAVEPOINT active_record_1[0m
  [4;36;1mSQL (0.1ms)[0m   [0;1mSAVEPOINT active_record_1[0m
  [4;35;1mService Create (0.1ms)[0m   [0mINSERT INTO `services` (`min_age`, `service_name`, `created_at`, `updated_at`, `description`, `max_age`) VALUES(3, 'service_name 3', '2010-08-11 14:54:10', '2010-08-11 14:54:10', 'description 3', 3)[0m
  [4;36;1mSQL (0.1ms)[0m   [0;1mRELEASE SAVEPOINT active_record_1[0m
  [4;35;1mSQL (0.1ms)[0m   [0mSAVEPOINT active_record_1[0m
  [4;36;1mService Create (0.4ms)[0m   [0;1mINSERT INTO `services` (`min_age`, `service_name`, `created_at`, `updated_at`, `description`, `max_age`) VALUES(4, 'service_name 4', '2010-08-11 14:54:10', '2010-08-11 14:54:10', 'description 4', 4)[0m
  [4;35;1mSQL (0.1ms)[0m   [0mRELEASE SAVEPOINT active_record_1[0m
REQUESTING PAGE: GET /services with {} and HTTP headers {}


Processing ServicesController#index (for 127.0.0.1 at 2010-08-12 00:54:10) [GET]
  Parameters: {"action"=>"index", "controller"=>"services"}
  [4;36;1mSQL (0.7ms)[0m   [0;1mROLLBACK[0m
  [4;36;1mSQL (0.1ms)[0m   [0;1mSET NAMES 'utf8'[0m
  [4;35;1mSQL (0.1ms)[0m   [0mSET SQL_AUTO_IS_NULL=0[0m
  [4;36;1mSQL (0.1ms)[0m   [0;1mBEGIN[0m
REQUESTING PAGE: GET /services/new with {} and HTTP headers {}


Processing ServicesController#new (for 127.0.0.1 at 2010-08-12 00:54:40) [GET]
  Parameters: {"action"=>"new", "controller"=>"services"}
REQUESTING PAGE: GET /users/sign_in with {} and HTTP headers {"HTTP_REFERER"=>"/services/new"}


Processing SessionsController#new (for 127.0.0.1 at 2010-08-12 00:54:40) [GET]
  Parameters: {"action"=>"new", "controller"=>"sessions"}
  [4;35;1mUser Columns (1.7ms)[0m   [0mSHOW FIELDS FROM `users`[0m
Rendering template within layouts/application
Rendering sessions/new
Rendered shared/_devise_links (1.4ms)
Completed in 21ms (View: 15, DB: 2) | 200 OK [http://www.example.com/users/sign_in]
REQUESTING PAGE: POST /users/sign_in with {"user"=>{"remember_me"=>"0", "password"=>"testor", "email"=>"jason@skys.org.au"}} and HTTP headers {"HTTP_REFERER"=>"/users/sign_in"}


Processing SessionsController#create (for 127.0.0.1 at 2010-08-12 00:54:40) [POST]
  Parameters: {"action"=>"create", "controller"=>"sessions", "user"=>{"remember_me"=>"0", "password"=>"[FILTERED]", "email"=>"jason@skys.org.au"}}
  [4;36;1mUser Load (0.3ms)[0m   [0;1mSELECT * FROM `users` WHERE (`users`.`email` = 'jason@skys.org.au') LIMIT 1[0m
WARNING: Can't mass-assign these protected attributes: remember_me
Rendering template within layouts/application
Rendering sessions/new
Rendered shared/_devise_links (0.5ms)
Completed in 10ms (View: 3, DB: 0) | 200 OK [http://www.example.com/users/sign_in]
  [4;35;1mSQL (0.1ms)[0m   [0mROLLBACK[0m
  [4;36;1mSQL (0.1ms)[0m   [0;1mBEGIN[0m
  [4;35;1mService Columns (1.4ms)[0m   [0mSHOW FIELDS FROM `services`[0m
  [4;36;1mSQL (0.1ms)[0m   [0;1mSAVEPOINT active_record_1[0m
  [4;35;1mService Create (0.2ms)[0m   [0mINSERT INTO `services` (`min_age`, `service_name`, `created_at`, `updated_at`, `description`, `max_age`) VALUES(1, 'service_name 1', '2010-08-11 14:54:40', '2010-08-11 14:54:40', 'description 1', 1)[0m
  [4;36;1mSQL (0.1ms)[0m   [0;1mRELEASE SAVEPOINT active_record_1[0m
  [4;35;1mSQL (0.1ms)[0m   [0mSAVEPOINT active_record_1[0m
  [4;36;1mService Create (0.1ms)[0m   [0;1mINSERT INTO `services` (`min_age`, `service_name`, `created_at`, `updated_at`, `description`, `max_age`) VALUES(2, 'service_name 2', '2010-08-11 14:54:40', '2010-08-11 14:54:40', 'description 2', 2)[0m
  [4;35;1mSQL (0.1ms)[0m   [0mRELEASE SAVEPOINT active_record_1[0m
  [4;36;1mSQL (0.1ms)[0m   [0;1mSAVEPOINT active_record_1[0m
  [4;35;1mService Create (0.2ms)[0m   [0mINSERT INTO `services` (`min_age`, `service_name`, `created_at`, `updated_at`, `description`, `max_age`) VALUES(3, 'service_name 3', '2010-08-11 14:54:40', '2010-08-11 14:54:40', 'description 3', 3)[0m
  [4;36;1mSQL (0.1ms)[0m   [0;1mRELEASE SAVEPOINT active_record_1[0m
  [4;35;1mSQL (0.1ms)[0m   [0mSAVEPOINT active_record_1[0m
  [4;36;1mService Create (0.1ms)[0m   [0;1mINSERT INTO `services` (`min_age`, `service_name`, `created_at`, `updated_at`, `description`, `max_age`) VALUES(4, 'service_name 4', '2010-08-11 14:54:40', '2010-08-11 14:54:40', 'description 4', 4)[0m
  [4;35;1mSQL (0.2ms)[0m   [0mRELEASE SAVEPOINT active_record_1[0m
REQUESTING PAGE: GET /services with {} and HTTP headers {}


Processing ServicesController#index (for 127.0.0.1 at 2010-08-12 00:54:40) [GET]
  Parameters: {"action"=>"index", "controller"=>"services"}
  [4;36;1mSQL (0.7ms)[0m   [0;1mROLLBACK[0m
  [4;36;1mSQL (0.1ms)[0m   [0;1mSET NAMES 'utf8'[0m
  [4;35;1mSQL (0.1ms)[0m   [0mSET SQL_AUTO_IS_NULL=0[0m
  [4;36;1mSQL (0.1ms)[0m   [0;1mBEGIN[0m
REQUESTING PAGE: GET /services/new with {} and HTTP headers {}


Processing ServicesController#new (for 127.0.0.1 at 2010-08-12 00:58:00) [GET]
  Parameters: {"action"=>"new", "controller"=>"services"}
REQUESTING PAGE: GET /users/sign_in with {} and HTTP headers {"HTTP_REFERER"=>"/services/new"}


Processing SessionsController#new (for 127.0.0.1 at 2010-08-12 00:58:00) [GET]
  Parameters: {"action"=>"new", "controller"=>"sessions"}
  [4;35;1mUser Columns (1.6ms)[0m   [0mSHOW FIELDS FROM `users`[0m
Rendering template within layouts/application
Rendering sessions/new
Rendered shared/_devise_links (2.6ms)
Completed in 21ms (View: 15, DB: 2) | 200 OK [http://www.example.com/users/sign_in]
REQUESTING PAGE: POST /users/sign_in with {"user"=>{"remember_me"=>"0", "password"=>"testor", "email"=>"jason@skys.org.au"}} and HTTP headers {"HTTP_REFERER"=>"/users/sign_in"}


Processing SessionsController#create (for 127.0.0.1 at 2010-08-12 00:58:00) [POST]
  Parameters: {"action"=>"create", "controller"=>"sessions", "user"=>{"remember_me"=>"0", "password"=>"[FILTERED]", "email"=>"jason@skys.org.au"}}
  [4;36;1mUser Load (0.3ms)[0m   [0;1mSELECT * FROM `users` WHERE (`users`.`email` = 'jason@skys.org.au') LIMIT 1[0m
WARNING: Can't mass-assign these protected attributes: remember_me
Rendering template within layouts/application
Rendering sessions/new
Rendered shared/_devise_links (0.5ms)
Completed in 9ms (View: 3, DB: 0) | 200 OK [http://www.example.com/users/sign_in]
  [4;35;1mSQL (0.1ms)[0m   [0mROLLBACK[0m
  [4;36;1mSQL (0.1ms)[0m   [0;1mBEGIN[0m
  [4;35;1mService Columns (1.3ms)[0m   [0mSHOW FIELDS FROM `services`[0m
  [4;36;1mSQL (0.1ms)[0m   [0;1mSAVEPOINT active_record_1[0m
  [4;35;1mService Create (0.2ms)[0m   [0mINSERT INTO `services` (`min_age`, `service_name`, `created_at`, `updated_at`, `description`, `max_age`) VALUES(1, 'service_name 1', '2010-08-11 14:58:00', '2010-08-11 14:58:00', 'description 1', 1)[0m
  [4;36;1mSQL (0.1ms)[0m   [0;1mRELEASE SAVEPOINT active_record_1[0m
  [4;35;1mSQL (0.1ms)[0m   [0mSAVEPOINT active_record_1[0m
  [4;36;1mService Create (0.1ms)[0m   [0;1mINSERT INTO `services` (`min_age`, `service_name`, `created_at`, `updated_at`, `description`, `max_age`) VALUES(2, 'service_name 2', '2010-08-11 14:58:00', '2010-08-11 14:58:00', 'description 2', 2)[0m
  [4;35;1mSQL (0.1ms)[0m   [0mRELEASE SAVEPOINT active_record_1[0m
  [4;36;1mSQL (0.1ms)[0m   [0;1mSAVEPOINT active_record_1[0m
  [4;35;1mService Create (0.1ms)[0m   [0mINSERT INTO `services` (`min_age`, `service_name`, `created_at`, `updated_at`, `description`, `max_age`) VALUES(3, 'service_name 3', '2010-08-11 14:58:00', '2010-08-11 14:58:00', 'description 3', 3)[0m
  [4;36;1mSQL (0.1ms)[0m   [0;1mRELEASE SAVEPOINT active_record_1[0m
  [4;35;1mSQL (0.1ms)[0m   [0mSAVEPOINT active_record_1[0m
  [4;36;1mService Create (0.1ms)[0m   [0;1mINSERT INTO `services` (`min_age`, `service_name`, `created_at`, `updated_at`, `description`, `max_age`) VALUES(4, 'service_name 4', '2010-08-11 14:58:00', '2010-08-11 14:58:00', 'description 4', 4)[0m
  [4;35;1mSQL (0.1ms)[0m   [0mRELEASE SAVEPOINT active_record_1[0m
REQUESTING PAGE: GET /services with {} and HTTP headers {}


Processing ServicesController#index (for 127.0.0.1 at 2010-08-12 00:58:00) [GET]
  Parameters: {"action"=>"index", "controller"=>"services"}
  [4;36;1mSQL (0.7ms)[0m   [0;1mROLLBACK[0m
  [4;36;1mSQL (0.1ms)[0m   [0;1mSET NAMES 'utf8'[0m
  [4;35;1mSQL (0.1ms)[0m   [0mSET SQL_AUTO_IS_NULL=0[0m
  [4;36;1mSQL (0.1ms)[0m   [0;1mBEGIN[0m
REQUESTING PAGE: GET /services/new with {} and HTTP headers {}


Processing ServicesController#new (for 127.0.0.1 at 2010-08-12 00:59:54) [GET]
  Parameters: {"action"=>"new", "controller"=>"services"}
REQUESTING PAGE: GET /users/sign_in with {} and HTTP headers {"HTTP_REFERER"=>"/services/new"}


Processing SessionsController#new (for 127.0.0.1 at 2010-08-12 00:59:54) [GET]
  Parameters: {"action"=>"new", "controller"=>"sessions"}
  [4;35;1mUser Columns (1.6ms)[0m   [0mSHOW FIELDS FROM `users`[0m
Rendering template within layouts/application
Rendering sessions/new
Rendered shared/_devise_links (3.5ms)
Completed in 22ms (View: 16, DB: 2) | 200 OK [http://www.example.com/users/sign_in]
REQUESTING PAGE: POST /users/sign_in with {"user"=>{"remember_me"=>"0", "password"=>"testor", "email"=>"jason@skys.org.au"}} and HTTP headers {"HTTP_REFERER"=>"/users/sign_in"}


Processing SessionsController#create (for 127.0.0.1 at 2010-08-12 00:59:54) [POST]
  Parameters: {"action"=>"create", "controller"=>"sessions", "user"=>{"remember_me"=>"0", "password"=>"[FILTERED]", "email"=>"jason@skys.org.au"}}
  [4;36;1mUser Load (0.4ms)[0m   [0;1mSELECT * FROM `users` WHERE (`users`.`email` = 'jason@skys.org.au') LIMIT 1[0m
WARNING: Can't mass-assign these protected attributes: remember_me
Rendering template within layouts/application
Rendering sessions/new
Rendered shared/_devise_links (0.5ms)
Completed in 10ms (View: 3, DB: 0) | 200 OK [http://www.example.com/users/sign_in]
  [4;35;1mSQL (0.1ms)[0m   [0mROLLBACK[0m
  [4;36;1mSQL (0.1ms)[0m   [0;1mBEGIN[0m
  [4;35;1mService Columns (1.3ms)[0m   [0mSHOW FIELDS FROM `services`[0m
  [4;36;1mSQL (0.1ms)[0m   [0;1mSAVEPOINT active_record_1[0m
  [4;35;1mService Create (0.2ms)[0m   [0mINSERT INTO `services` (`min_age`, `service_name`, `created_at`, `updated_at`, `description`, `max_age`) VALUES(1, 'service_name 1', '2010-08-11 14:59:54', '2010-08-11 14:59:54', 'description 1', 1)[0m
  [4;36;1mSQL (0.1ms)[0m   [0;1mRELEASE SAVEPOINT active_record_1[0m
  [4;35;1mSQL (0.1ms)[0m   [0mSAVEPOINT active_record_1[0m
  [4;36;1mService Create (0.2ms)[0m   [0;1mINSERT INTO `services` (`min_age`, `service_name`, `created_at`, `updated_at`, `description`, `max_age`) VALUES(2, 'service_name 2', '2010-08-11 14:59:54', '2010-08-11 14:59:54', 'description 2', 2)[0m
  [4;35;1mSQL (0.1ms)[0m   [0mRELEASE SAVEPOINT active_record_1[0m
  [4;36;1mSQL (0.1ms)[0m   [0;1mSAVEPOINT active_record_1[0m
  [4;35;1mService Create (0.1ms)[0m   [0mINSERT INTO `services` (`min_age`, `service_name`, `created_at`, `updated_at`, `description`, `max_age`) VALUES(3, 'service_name 3', '2010-08-11 14:59:54', '2010-08-11 14:59:54', 'description 3', 3)[0m
  [4;36;1mSQL (0.1ms)[0m   [0;1mRELEASE SAVEPOINT active_record_1[0m
  [4;35;1mSQL (0.1ms)[0m   [0mSAVEPOINT active_record_1[0m
  [4;36;1mService Create (0.1ms)[0m   [0;1mINSERT INTO `services` (`min_age`, `service_name`, `created_at`, `updated_at`, `description`, `max_age`) VALUES(4, 'service_name 4', '2010-08-11 14:59:54', '2010-08-11 14:59:54', 'description 4', 4)[0m
  [4;35;1mSQL (0.1ms)[0m   [0mRELEASE SAVEPOINT active_record_1[0m
REQUESTING PAGE: GET /services with {} and HTTP headers {}


Processing ServicesController#index (for 127.0.0.1 at 2010-08-12 00:59:54) [GET]
  Parameters: {"action"=>"index", "controller"=>"services"}
  [4;36;1mSQL (0.7ms)[0m   [0;1mROLLBACK[0m
  [4;36;1mSQL (0.1ms)[0m   [0;1mSET NAMES 'utf8'[0m
  [4;35;1mSQL (0.1ms)[0m   [0mSET SQL_AUTO_IS_NULL=0[0m
  [4;36;1mSQL (0.1ms)[0m   [0;1mBEGIN[0m
REQUESTING PAGE: GET /services/new with {} and HTTP headers {}


Processing ServicesController#new (for 127.0.0.1 at 2010-08-12 01:21:03) [GET]
  Parameters: {"action"=>"new", "controller"=>"services"}
REQUESTING PAGE: GET /users/sign_in with {} and HTTP headers {"HTTP_REFERER"=>"/services/new"}


Processing SessionsController#new (for 127.0.0.1 at 2010-08-12 01:21:03) [GET]
  Parameters: {"action"=>"new", "controller"=>"sessions"}
  [4;35;1mUser Columns (1.6ms)[0m   [0mSHOW FIELDS FROM `users`[0m
Rendering template within layouts/application
Rendering sessions/new
Rendered shared/_devise_links (2.4ms)
Completed in 20ms (View: 15, DB: 2) | 200 OK [http://www.example.com/users/sign_in]
REQUESTING PAGE: POST /users/sign_in with {"user"=>{"remember_me"=>"0", "password"=>"testor", "email"=>"jason@skys.org.au"}} and HTTP headers {"HTTP_REFERER"=>"/users/sign_in"}


Processing SessionsController#create (for 127.0.0.1 at 2010-08-12 01:21:04) [POST]
  Parameters: {"action"=>"create", "controller"=>"sessions", "user"=>{"remember_me"=>"0", "password"=>"[FILTERED]", "email"=>"jason@skys.org.au"}}
  [4;36;1mUser Load (0.3ms)[0m   [0;1mSELECT * FROM `users` WHERE (`users`.`email` = 'jason@skys.org.au') LIMIT 1[0m
WARNING: Can't mass-assign these protected attributes: remember_me
Rendering template within layouts/application
Rendering sessions/new
Rendered shared/_devise_links (0.5ms)
Completed in 10ms (View: 4, DB: 0) | 200 OK [http://www.example.com/users/sign_in]
REQUESTING PAGE: GET /services/new with {} and HTTP headers {"HTTP_REFERER"=>"/users/sign_in"}


Processing ServicesController#new (for 127.0.0.1 at 2010-08-12 01:21:04) [GET]
  Parameters: {"action"=>"new", "controller"=>"services"}
  [4;35;1mSQL (0.1ms)[0m   [0mROLLBACK[0m
  [4;36;1mSQL (0.1ms)[0m   [0;1mBEGIN[0m
  [4;35;1mService Columns (1.3ms)[0m   [0mSHOW FIELDS FROM `services`[0m
  [4;36;1mSQL (0.1ms)[0m   [0;1mSAVEPOINT active_record_1[0m
  [4;35;1mService Create (0.2ms)[0m   [0mINSERT INTO `services` (`min_age`, `service_name`, `created_at`, `updated_at`, `description`, `max_age`) VALUES(1, 'service_name 1', '2010-08-11 15:21:04', '2010-08-11 15:21:04', 'description 1', 1)[0m
  [4;36;1mSQL (0.1ms)[0m   [0;1mRELEASE SAVEPOINT active_record_1[0m
  [4;35;1mSQL (0.1ms)[0m   [0mSAVEPOINT active_record_1[0m
  [4;36;1mService Create (0.2ms)[0m   [0;1mINSERT INTO `services` (`min_age`, `service_name`, `created_at`, `updated_at`, `description`, `max_age`) VALUES(2, 'service_name 2', '2010-08-11 15:21:04', '2010-08-11 15:21:04', 'description 2', 2)[0m
  [4;35;1mSQL (0.1ms)[0m   [0mRELEASE SAVEPOINT active_record_1[0m
  [4;36;1mSQL (0.1ms)[0m   [0;1mSAVEPOINT active_record_1[0m
  [4;35;1mService Create (0.1ms)[0m   [0mINSERT INTO `services` (`min_age`, `service_name`, `created_at`, `updated_at`, `description`, `max_age`) VALUES(3, 'service_name 3', '2010-08-11 15:21:04', '2010-08-11 15:21:04', 'description 3', 3)[0m
  [4;36;1mSQL (0.1ms)[0m   [0;1mRELEASE SAVEPOINT active_record_1[0m
  [4;35;1mSQL (0.1ms)[0m   [0mSAVEPOINT active_record_1[0m
  [4;36;1mService Create (0.3ms)[0m   [0;1mINSERT INTO `services` (`min_age`, `service_name`, `created_at`, `updated_at`, `description`, `max_age`) VALUES(4, 'service_name 4', '2010-08-11 15:21:04', '2010-08-11 15:21:04', 'description 4', 4)[0m
  [4;35;1mSQL (0.1ms)[0m   [0mRELEASE SAVEPOINT active_record_1[0m
REQUESTING PAGE: GET /services with {} and HTTP headers {}


Processing ServicesController#index (for 127.0.0.1 at 2010-08-12 01:21:04) [GET]
  Parameters: {"action"=>"index", "controller"=>"services"}
  [4;36;1mSQL (0.8ms)[0m   [0;1mROLLBACK[0m
  [4;36;1mSQL (0.1ms)[0m   [0;1mSET NAMES 'utf8'[0m
  [4;35;1mSQL (0.1ms)[0m   [0mSET SQL_AUTO_IS_NULL=0[0m
  [4;36;1mSQL (0.1ms)[0m   [0;1mBEGIN[0m
REQUESTING PAGE: GET /services/new with {} and HTTP headers {}


Processing ServicesController#new (for 127.0.0.1 at 2010-08-12 01:21:45) [GET]
  Parameters: {"action"=>"new", "controller"=>"services"}
REQUESTING PAGE: GET /users/sign_in with {} and HTTP headers {"HTTP_REFERER"=>"/services/new"}


Processing SessionsController#new (for 127.0.0.1 at 2010-08-12 01:21:45) [GET]
  Parameters: {"action"=>"new", "controller"=>"sessions"}
  [4;35;1mUser Columns (1.9ms)[0m   [0mSHOW FIELDS FROM `users`[0m
Rendering template within layouts/application
Rendering sessions/new
Rendered shared/_devise_links (1.5ms)
Completed in 20ms (View: 14, DB: 2) | 200 OK [http://www.example.com/users/sign_in]
REQUESTING PAGE: POST /users/sign_in with {"user"=>{"remember_me"=>"0", "password"=>"testor", "email"=>"jason@skys.org.au"}} and HTTP headers {"HTTP_REFERER"=>"/users/sign_in"}


Processing SessionsController#create (for 127.0.0.1 at 2010-08-12 01:21:45) [POST]
  Parameters: {"action"=>"create", "controller"=>"sessions", "user"=>{"remember_me"=>"0", "password"=>"[FILTERED]", "email"=>"jason@skys.org.au"}}
  [4;36;1mUser Load (0.4ms)[0m   [0;1mSELECT * FROM `users` WHERE (`users`.`email` = 'jason@skys.org.au') LIMIT 1[0m
WARNING: Can't mass-assign these protected attributes: remember_me
Rendering template within layouts/application
Rendering sessions/new
Rendered shared/_devise_links (0.5ms)
Completed in 9ms (View: 3, DB: 0) | 200 OK [http://www.example.com/users/sign_in]
REQUESTING PAGE: GET /services/new with {} and HTTP headers {"HTTP_REFERER"=>"/users/sign_in"}


Processing ServicesController#new (for 127.0.0.1 at 2010-08-12 01:21:45) [GET]
  Parameters: {"action"=>"new", "controller"=>"services"}
  [4;35;1mSQL (0.1ms)[0m   [0mROLLBACK[0m
  [4;36;1mSQL (0.1ms)[0m   [0;1mBEGIN[0m
  [4;35;1mService Columns (1.2ms)[0m   [0mSHOW FIELDS FROM `services`[0m
  [4;36;1mSQL (0.1ms)[0m   [0;1mSAVEPOINT active_record_1[0m
  [4;35;1mService Create (0.2ms)[0m   [0mINSERT INTO `services` (`min_age`, `service_name`, `created_at`, `updated_at`, `description`, `max_age`) VALUES(1, 'service_name 1', '2010-08-11 15:21:45', '2010-08-11 15:21:45', 'description 1', 1)[0m
  [4;36;1mSQL (0.1ms)[0m   [0;1mRELEASE SAVEPOINT active_record_1[0m
  [4;35;1mSQL (0.1ms)[0m   [0mSAVEPOINT active_record_1[0m
  [4;36;1mService Create (0.2ms)[0m   [0;1mINSERT INTO `services` (`min_age`, `service_name`, `created_at`, `updated_at`, `description`, `max_age`) VALUES(2, 'service_name 2', '2010-08-11 15:21:45', '2010-08-11 15:21:45', 'description 2', 2)[0m
  [4;35;1mSQL (0.1ms)[0m   [0mRELEASE SAVEPOINT active_record_1[0m
  [4;36;1mSQL (0.1ms)[0m   [0;1mSAVEPOINT active_record_1[0m
  [4;35;1mService Create (0.2ms)[0m   [0mINSERT INTO `services` (`min_age`, `service_name`, `created_at`, `updated_at`, `description`, `max_age`) VALUES(3, 'service_name 3', '2010-08-11 15:21:45', '2010-08-11 15:21:45', 'description 3', 3)[0m
  [4;36;1mSQL (0.1ms)[0m   [0;1mRELEASE SAVEPOINT active_record_1[0m
  [4;35;1mSQL (0.1ms)[0m   [0mSAVEPOINT active_record_1[0m
  [4;36;1mService Create (0.3ms)[0m   [0;1mINSERT INTO `services` (`min_age`, `service_name`, `created_at`, `updated_at`, `description`, `max_age`) VALUES(4, 'service_name 4', '2010-08-11 15:21:45', '2010-08-11 15:21:45', 'description 4', 4)[0m
  [4;35;1mSQL (0.2ms)[0m   [0mRELEASE SAVEPOINT active_record_1[0m
REQUESTING PAGE: GET /services with {} and HTTP headers {}


Processing ServicesController#index (for 127.0.0.1 at 2010-08-12 01:21:45) [GET]
  Parameters: {"action"=>"index", "controller"=>"services"}
  [4;36;1mSQL (0.8ms)[0m   [0;1mROLLBACK[0m
  [4;36;1mSQL (0.1ms)[0m   [0;1mSET NAMES 'utf8'[0m
  [4;35;1mSQL (0.1ms)[0m   [0mSET SQL_AUTO_IS_NULL=0[0m
  [4;36;1mSQL (0.1ms)[0m   [0;1mBEGIN[0m
REQUESTING PAGE: GET /services/new with {} and HTTP headers {}


Processing ServicesController#new (for 127.0.0.1 at 2010-08-12 01:23:00) [GET]
  Parameters: {"action"=>"new", "controller"=>"services"}
REQUESTING PAGE: GET /users/sign_in with {} and HTTP headers {"HTTP_REFERER"=>"/services/new"}


Processing SessionsController#new (for 127.0.0.1 at 2010-08-12 01:23:00) [GET]
  Parameters: {"action"=>"new", "controller"=>"sessions"}
  [4;35;1mUser Columns (1.8ms)[0m   [0mSHOW FIELDS FROM `users`[0m
Rendering template within layouts/application
Rendering sessions/new
Rendered shared/_devise_links (2.0ms)
Completed in 21ms (View: 14, DB: 2) | 200 OK [http://www.example.com/users/sign_in]
REQUESTING PAGE: POST /users/sign_in with {"user"=>{"remember_me"=>"0", "password"=>"testor", "email"=>"jason@skys.org.au"}} and HTTP headers {"HTTP_REFERER"=>"/users/sign_in"}


Processing SessionsController#create (for 127.0.0.1 at 2010-08-12 01:23:00) [POST]
  Parameters: {"action"=>"create", "controller"=>"sessions", "user"=>{"remember_me"=>"0", "password"=>"[FILTERED]", "email"=>"jason@skys.org.au"}}
  [4;36;1mUser Load (0.3ms)[0m   [0;1mSELECT * FROM `users` WHERE (`users`.`email` = 'jason@skys.org.au') LIMIT 1[0m
WARNING: Can't mass-assign these protected attributes: remember_me
Rendering template within layouts/application
Rendering sessions/new
Rendered shared/_devise_links (0.5ms)
Completed in 10ms (View: 4, DB: 0) | 200 OK [http://www.example.com/users/sign_in]
REQUESTING PAGE: GET /services/new with {} and HTTP headers {"HTTP_REFERER"=>"/users/sign_in"}


Processing ServicesController#new (for 127.0.0.1 at 2010-08-12 01:23:00) [GET]
  Parameters: {"action"=>"new", "controller"=>"services"}
  [4;35;1mSQL (0.1ms)[0m   [0mROLLBACK[0m
  [4;36;1mSQL (0.1ms)[0m   [0;1mBEGIN[0m
  [4;35;1mService Columns (1.2ms)[0m   [0mSHOW FIELDS FROM `services`[0m
  [4;36;1mSQL (0.1ms)[0m   [0;1mSAVEPOINT active_record_1[0m
  [4;35;1mService Create (0.2ms)[0m   [0mINSERT INTO `services` (`min_age`, `service_name`, `created_at`, `updated_at`, `description`, `max_age`) VALUES(1, 'service_name 1', '2010-08-11 15:23:00', '2010-08-11 15:23:00', 'description 1', 1)[0m
  [4;36;1mSQL (0.1ms)[0m   [0;1mRELEASE SAVEPOINT active_record_1[0m
  [4;35;1mSQL (0.1ms)[0m   [0mSAVEPOINT active_record_1[0m
  [4;36;1mService Create (0.2ms)[0m   [0;1mINSERT INTO `services` (`min_age`, `service_name`, `created_at`, `updated_at`, `description`, `max_age`) VALUES(2, 'service_name 2', '2010-08-11 15:23:00', '2010-08-11 15:23:00', 'description 2', 2)[0m
  [4;35;1mSQL (0.1ms)[0m   [0mRELEASE SAVEPOINT active_record_1[0m
  [4;36;1mSQL (0.1ms)[0m   [0;1mSAVEPOINT active_record_1[0m
  [4;35;1mService Create (0.1ms)[0m   [0mINSERT INTO `services` (`min_age`, `service_name`, `created_at`, `updated_at`, `description`, `max_age`) VALUES(3, 'service_name 3', '2010-08-11 15:23:00', '2010-08-11 15:23:00', 'description 3', 3)[0m
  [4;36;1mSQL (0.1ms)[0m   [0;1mRELEASE SAVEPOINT active_record_1[0m
  [4;35;1mSQL (0.1ms)[0m   [0mSAVEPOINT active_record_1[0m
  [4;36;1mService Create (0.3ms)[0m   [0;1mINSERT INTO `services` (`min_age`, `service_name`, `created_at`, `updated_at`, `description`, `max_age`) VALUES(4, 'service_name 4', '2010-08-11 15:23:00', '2010-08-11 15:23:00', 'description 4', 4)[0m
  [4;35;1mSQL (0.1ms)[0m   [0mRELEASE SAVEPOINT active_record_1[0m
REQUESTING PAGE: GET /services with {} and HTTP headers {}


Processing ServicesController#index (for 127.0.0.1 at 2010-08-12 01:23:00) [GET]
  Parameters: {"action"=>"index", "controller"=>"services"}
  [4;36;1mSQL (0.7ms)[0m   [0;1mROLLBACK[0m
  [4;36;1mSQL (0.1ms)[0m   [0;1mSET NAMES 'utf8'[0m
  [4;35;1mSQL (0.1ms)[0m   [0mSET SQL_AUTO_IS_NULL=0[0m
  [4;36;1mSQL (0.1ms)[0m   [0;1mBEGIN[0m
REQUESTING PAGE: GET /services/new with {} and HTTP headers {}


Processing ServicesController#new (for 127.0.0.1 at 2010-08-12 01:36:01) [GET]
  Parameters: {"action"=>"new", "controller"=>"services"}
REQUESTING PAGE: GET /users/sign_in with {} and HTTP headers {"HTTP_REFERER"=>"/services/new"}


Processing SessionsController#new (for 127.0.0.1 at 2010-08-12 01:36:01) [GET]
  Parameters: {"action"=>"new", "controller"=>"sessions"}
  [4;35;1mUser Columns (1.6ms)[0m   [0mSHOW FIELDS FROM `users`[0m
Rendering template within layouts/application
Rendering sessions/new
Rendered shared/_devise_links (1.7ms)
Completed in 63ms (View: 57, DB: 2) | 200 OK [http://www.example.com/users/sign_in]
REQUESTING PAGE: POST /users/sign_in with {"user"=>{"remember_me"=>"0", "password"=>"testor", "email"=>"jason@skys.org.au"}} and HTTP headers {"HTTP_REFERER"=>"/users/sign_in"}


Processing SessionsController#create (for 127.0.0.1 at 2010-08-12 01:36:01) [POST]
  Parameters: {"action"=>"create", "controller"=>"sessions", "user"=>{"remember_me"=>"0", "password"=>"[FILTERED]", "email"=>"jason@skys.org.au"}}
  [4;36;1mUser Load (0.3ms)[0m   [0;1mSELECT * FROM `users` WHERE (`users`.`email` = 'jason@skys.org.au') LIMIT 1[0m
WARNING: Can't mass-assign these protected attributes: remember_me
Rendering template within layouts/application
Rendering sessions/new
Rendered shared/_devise_links (0.5ms)
Completed in 9ms (View: 4, DB: 0) | 200 OK [http://www.example.com/users/sign_in]
REQUESTING PAGE: GET /services/new with {} and HTTP headers {"HTTP_REFERER"=>"/users/sign_in"}


Processing ServicesController#new (for 127.0.0.1 at 2010-08-12 01:36:01) [GET]
  Parameters: {"action"=>"new", "controller"=>"services"}
  [4;35;1mSQL (0.1ms)[0m   [0mROLLBACK[0m
  [4;36;1mSQL (0.1ms)[0m   [0;1mBEGIN[0m
  [4;35;1mService Columns (1.3ms)[0m   [0mSHOW FIELDS FROM `services`[0m
  [4;36;1mSQL (0.1ms)[0m   [0;1mSAVEPOINT active_record_1[0m
  [4;35;1mService Create (0.2ms)[0m   [0mINSERT INTO `services` (`min_age`, `service_name`, `created_at`, `updated_at`, `description`, `max_age`) VALUES(1, 'service_name 1', '2010-08-11 15:36:01', '2010-08-11 15:36:01', 'description 1', 1)[0m
  [4;36;1mSQL (0.1ms)[0m   [0;1mRELEASE SAVEPOINT active_record_1[0m
  [4;35;1mSQL (0.1ms)[0m   [0mSAVEPOINT active_record_1[0m
  [4;36;1mService Create (0.1ms)[0m   [0;1mINSERT INTO `services` (`min_age`, `service_name`, `created_at`, `updated_at`, `description`, `max_age`) VALUES(2, 'service_name 2', '2010-08-11 15:36:01', '2010-08-11 15:36:01', 'description 2', 2)[0m
  [4;35;1mSQL (0.1ms)[0m   [0mRELEASE SAVEPOINT active_record_1[0m
  [4;36;1mSQL (0.1ms)[0m   [0;1mSAVEPOINT active_record_1[0m
  [4;35;1mService Create (0.1ms)[0m   [0mINSERT INTO `services` (`min_age`, `service_name`, `created_at`, `updated_at`, `description`, `max_age`) VALUES(3, 'service_name 3', '2010-08-11 15:36:01', '2010-08-11 15:36:01', 'description 3', 3)[0m
  [4;36;1mSQL (0.1ms)[0m   [0;1mRELEASE SAVEPOINT active_record_1[0m
  [4;35;1mSQL (0.1ms)[0m   [0mSAVEPOINT active_record_1[0m
  [4;36;1mService Create (0.3ms)[0m   [0;1mINSERT INTO `services` (`min_age`, `service_name`, `created_at`, `updated_at`, `description`, `max_age`) VALUES(4, 'service_name 4', '2010-08-11 15:36:01', '2010-08-11 15:36:01', 'description 4', 4)[0m
  [4;35;1mSQL (0.1ms)[0m   [0mRELEASE SAVEPOINT active_record_1[0m
REQUESTING PAGE: GET /services with {} and HTTP headers {}


Processing ServicesController#index (for 127.0.0.1 at 2010-08-12 01:36:02) [GET]
  Parameters: {"action"=>"index", "controller"=>"services"}
  [4;36;1mSQL (20.7ms)[0m   [0;1mROLLBACK[0m
  [4;36;1mSQL (0.2ms)[0m   [0;1mSET NAMES 'utf8'[0m
  [4;35;1mSQL (0.1ms)[0m   [0mSET SQL_AUTO_IS_NULL=0[0m
  [4;36;1mSQL (0.1ms)[0m   [0;1mBEGIN[0m
REQUESTING PAGE: GET /services/new with {} and HTTP headers {}


Processing ServicesController#new (for 127.0.0.1 at 2010-08-12 01:39:37) [GET]
  Parameters: {"action"=>"new", "controller"=>"services"}
REQUESTING PAGE: GET /users/sign_in with {} and HTTP headers {"HTTP_REFERER"=>"/services/new"}


Processing SessionsController#new (for 127.0.0.1 at 2010-08-12 01:39:37) [GET]
  Parameters: {"action"=>"new", "controller"=>"sessions"}
  [4;35;1mUser Columns (1.5ms)[0m   [0mSHOW FIELDS FROM `users`[0m
Rendering template within layouts/application
Rendering sessions/new
Rendered shared/_devise_links (2.6ms)
Completed in 20ms (View: 15, DB: 2) | 200 OK [http://www.example.com/users/sign_in]
REQUESTING PAGE: POST /users/sign_in with {"user"=>{"remember_me"=>"0", "password"=>"testor", "email"=>"jason@skys.org.au"}} and HTTP headers {"HTTP_REFERER"=>"/users/sign_in"}


Processing SessionsController#create (for 127.0.0.1 at 2010-08-12 01:39:37) [POST]
  Parameters: {"action"=>"create", "controller"=>"sessions", "user"=>{"remember_me"=>"0", "password"=>"[FILTERED]", "email"=>"jason@skys.org.au"}}
  [4;36;1mUser Load (0.3ms)[0m   [0;1mSELECT * FROM `users` WHERE (`users`.`email` = 'jason@skys.org.au') LIMIT 1[0m
WARNING: Can't mass-assign these protected attributes: remember_me
Rendering template within layouts/application
Rendering sessions/new
Rendered shared/_devise_links (0.5ms)
Completed in 10ms (View: 3, DB: 0) | 200 OK [http://www.example.com/users/sign_in]
REQUESTING PAGE: GET /services/new with {} and HTTP headers {"HTTP_REFERER"=>"/users/sign_in"}


Processing ServicesController#new (for 127.0.0.1 at 2010-08-12 01:39:37) [GET]
  Parameters: {"action"=>"new", "controller"=>"services"}
  [4;35;1mSQL (0.1ms)[0m   [0mROLLBACK[0m
  [4;36;1mSQL (0.1ms)[0m   [0;1mBEGIN[0m
  [4;35;1mService Columns (1.2ms)[0m   [0mSHOW FIELDS FROM `services`[0m
  [4;36;1mSQL (0.1ms)[0m   [0;1mSAVEPOINT active_record_1[0m
  [4;35;1mService Create (0.2ms)[0m   [0mINSERT INTO `services` (`min_age`, `service_name`, `created_at`, `updated_at`, `description`, `max_age`) VALUES(1, 'service_name 1', '2010-08-11 15:39:37', '2010-08-11 15:39:37', 'description 1', 1)[0m
  [4;36;1mSQL (0.1ms)[0m   [0;1mRELEASE SAVEPOINT active_record_1[0m
  [4;35;1mSQL (0.1ms)[0m   [0mSAVEPOINT active_record_1[0m
  [4;36;1mService Create (0.1ms)[0m   [0;1mINSERT INTO `services` (`min_age`, `service_name`, `created_at`, `updated_at`, `description`, `max_age`) VALUES(2, 'service_name 2', '2010-08-11 15:39:37', '2010-08-11 15:39:37', 'description 2', 2)[0m
  [4;35;1mSQL (0.1ms)[0m   [0mRELEASE SAVEPOINT active_record_1[0m
  [4;36;1mSQL (0.1ms)[0m   [0;1mSAVEPOINT active_record_1[0m
  [4;35;1mService Create (0.1ms)[0m   [0mINSERT INTO `services` (`min_age`, `service_name`, `created_at`, `updated_at`, `description`, `max_age`) VALUES(3, 'service_name 3', '2010-08-11 15:39:37', '2010-08-11 15:39:37', 'description 3', 3)[0m
  [4;36;1mSQL (0.1ms)[0m   [0;1mRELEASE SAVEPOINT active_record_1[0m
  [4;35;1mSQL (0.1ms)[0m   [0mSAVEPOINT active_record_1[0m
  [4;36;1mService Create (0.3ms)[0m   [0;1mINSERT INTO `services` (`min_age`, `service_name`, `created_at`, `updated_at`, `description`, `max_age`) VALUES(4, 'service_name 4', '2010-08-11 15:39:37', '2010-08-11 15:39:37', 'description 4', 4)[0m
  [4;35;1mSQL (0.1ms)[0m   [0mRELEASE SAVEPOINT active_record_1[0m
REQUESTING PAGE: GET /services with {} and HTTP headers {}


Processing ServicesController#index (for 127.0.0.1 at 2010-08-12 01:39:37) [GET]
  Parameters: {"action"=>"index", "controller"=>"services"}
  [4;36;1mSQL (0.7ms)[0m   [0;1mROLLBACK[0m
  [4;36;1mSQL (0.1ms)[0m   [0;1mSET NAMES 'utf8'[0m
  [4;35;1mSQL (0.1ms)[0m   [0mSET SQL_AUTO_IS_NULL=0[0m
  [4;36;1mSQL (0.1ms)[0m   [0;1mBEGIN[0m
REQUESTING PAGE: GET /services/new with {} and HTTP headers {}


Processing ServicesController#new (for 127.0.0.1 at 2010-08-12 01:48:53) [GET]
  Parameters: {"action"=>"new", "controller"=>"services"}
REQUESTING PAGE: GET /users/sign_in with {} and HTTP headers {"HTTP_REFERER"=>"/services/new"}


Processing SessionsController#new (for 127.0.0.1 at 2010-08-12 01:48:53) [GET]
  Parameters: {"action"=>"new", "controller"=>"sessions"}
  [4;35;1mUser Columns (1.6ms)[0m   [0mSHOW FIELDS FROM `users`[0m
Rendering template within layouts/application
Rendering sessions/new
Rendered shared/_devise_links (2.2ms)
Completed in 20ms (View: 15, DB: 2) | 200 OK [http://www.example.com/users/sign_in]
REQUESTING PAGE: POST /users/sign_in with {"user"=>{"remember_me"=>"0", "password"=>"testor", "email"=>"jason@skys.org.au"}} and HTTP headers {"HTTP_REFERER"=>"/users/sign_in"}


Processing SessionsController#create (for 127.0.0.1 at 2010-08-12 01:48:53) [POST]
  Parameters: {"action"=>"create", "controller"=>"sessions", "user"=>{"remember_me"=>"0", "password"=>"[FILTERED]", "email"=>"jason@skys.org.au"}}
  [4;36;1mUser Load (0.3ms)[0m   [0;1mSELECT * FROM `users` WHERE (`users`.`email` = 'jason@skys.org.au') LIMIT 1[0m
WARNING: Can't mass-assign these protected attributes: remember_me
Rendering template within layouts/application
Rendering sessions/new
Rendered shared/_devise_links (0.5ms)
Completed in 10ms (View: 4, DB: 0) | 200 OK [http://www.example.com/users/sign_in]
REQUESTING PAGE: GET /services/new with {} and HTTP headers {"HTTP_REFERER"=>"/users/sign_in"}


Processing ServicesController#new (for 127.0.0.1 at 2010-08-12 01:48:53) [GET]
  Parameters: {"action"=>"new", "controller"=>"services"}
  [4;35;1mSQL (0.1ms)[0m   [0mROLLBACK[0m
  [4;36;1mSQL (0.1ms)[0m   [0;1mBEGIN[0m
  [4;35;1mService Columns (1.2ms)[0m   [0mSHOW FIELDS FROM `services`[0m
  [4;36;1mSQL (0.1ms)[0m   [0;1mSAVEPOINT active_record_1[0m
  [4;35;1mService Create (0.2ms)[0m   [0mINSERT INTO `services` (`min_age`, `service_name`, `created_at`, `updated_at`, `description`, `max_age`) VALUES(1, 'service_name 1', '2010-08-11 15:48:53', '2010-08-11 15:48:53', 'description 1', 1)[0m
  [4;36;1mSQL (0.1ms)[0m   [0;1mRELEASE SAVEPOINT active_record_1[0m
  [4;35;1mSQL (0.1ms)[0m   [0mSAVEPOINT active_record_1[0m
  [4;36;1mService Create (0.1ms)[0m   [0;1mINSERT INTO `services` (`min_age`, `service_name`, `created_at`, `updated_at`, `description`, `max_age`) VALUES(2, 'service_name 2', '2010-08-11 15:48:53', '2010-08-11 15:48:53', 'description 2', 2)[0m
  [4;35;1mSQL (0.1ms)[0m   [0mRELEASE SAVEPOINT active_record_1[0m
  [4;36;1mSQL (0.1ms)[0m   [0;1mSAVEPOINT active_record_1[0m
  [4;35;1mService Create (0.2ms)[0m   [0mINSERT INTO `services` (`min_age`, `service_name`, `created_at`, `updated_at`, `description`, `max_age`) VALUES(3, 'service_name 3', '2010-08-11 15:48:53', '2010-08-11 15:48:53', 'description 3', 3)[0m
  [4;36;1mSQL (0.1ms)[0m   [0;1mRELEASE SAVEPOINT active_record_1[0m
  [4;35;1mSQL (0.1ms)[0m   [0mSAVEPOINT active_record_1[0m
  [4;36;1mService Create (0.3ms)[0m   [0;1mINSERT INTO `services` (`min_age`, `service_name`, `created_at`, `updated_at`, `description`, `max_age`) VALUES(4, 'service_name 4', '2010-08-11 15:48:53', '2010-08-11 15:48:53', 'description 4', 4)[0m
  [4;35;1mSQL (0.1ms)[0m   [0mRELEASE SAVEPOINT active_record_1[0m
REQUESTING PAGE: GET /services with {} and HTTP headers {}


Processing ServicesController#index (for 127.0.0.1 at 2010-08-12 01:48:53) [GET]
  Parameters: {"action"=>"index", "controller"=>"services"}
  [4;36;1mSQL (0.7ms)[0m   [0;1mROLLBACK[0m
  [4;36;1mSQL (0.1ms)[0m   [0;1mSET NAMES 'utf8'[0m
  [4;35;1mSQL (0.1ms)[0m   [0mSET SQL_AUTO_IS_NULL=0[0m
  [4;36;1mSQL (0.1ms)[0m   [0;1mBEGIN[0m
REQUESTING PAGE: GET /users/sign_in with {} and HTTP headers {}


Processing SessionsController#new (for 127.0.0.1 at 2010-08-12 01:51:08) [GET]
  Parameters: {"action"=>"new", "controller"=>"sessions"}
  [4;35;1mUser Columns (1.6ms)[0m   [0mSHOW FIELDS FROM `users`[0m
Rendering template within layouts/application
Rendering sessions/new
Rendered shared/_devise_links (2.0ms)
Completed in 24ms (View: 14, DB: 2) | 200 OK [http://www.example.com/users/sign_in]
REQUESTING PAGE: POST /users/sign_in with {"user"=>{"remember_me"=>"0", "password"=>"testor", "email"=>"jason@skys.org.au"}} and HTTP headers {"HTTP_REFERER"=>"/users/sign_in"}


Processing SessionsController#create (for 127.0.0.1 at 2010-08-12 01:51:08) [POST]
  Parameters: {"action"=>"create", "controller"=>"sessions", "user"=>{"remember_me"=>"0", "password"=>"[FILTERED]", "email"=>"jason@skys.org.au"}}
  [4;36;1mUser Load (0.3ms)[0m   [0;1mSELECT * FROM `users` WHERE (`users`.`email` = 'jason@skys.org.au') LIMIT 1[0m
WARNING: Can't mass-assign these protected attributes: remember_me
Rendering template within layouts/application
Rendering sessions/new
Rendered shared/_devise_links (0.4ms)
Completed in 9ms (View: 3, DB: 0) | 200 OK [http://www.example.com/users/sign_in]
REQUESTING PAGE: GET /services/new with {} and HTTP headers {"HTTP_REFERER"=>"/users/sign_in"}


Processing ServicesController#new (for 127.0.0.1 at 2010-08-12 01:51:08) [GET]
  Parameters: {"action"=>"new", "controller"=>"services"}
  [4;35;1mSQL (0.1ms)[0m   [0mROLLBACK[0m
  [4;36;1mSQL (0.1ms)[0m   [0;1mBEGIN[0m
  [4;35;1mService Columns (1.3ms)[0m   [0mSHOW FIELDS FROM `services`[0m
  [4;36;1mSQL (0.1ms)[0m   [0;1mSAVEPOINT active_record_1[0m
  [4;35;1mService Create (0.2ms)[0m   [0mINSERT INTO `services` (`min_age`, `service_name`, `created_at`, `updated_at`, `description`, `max_age`) VALUES(1, 'service_name 1', '2010-08-11 15:51:08', '2010-08-11 15:51:08', 'description 1', 1)[0m
  [4;36;1mSQL (0.1ms)[0m   [0;1mRELEASE SAVEPOINT active_record_1[0m
  [4;35;1mSQL (0.1ms)[0m   [0mSAVEPOINT active_record_1[0m
  [4;36;1mService Create (0.2ms)[0m   [0;1mINSERT INTO `services` (`min_age`, `service_name`, `created_at`, `updated_at`, `description`, `max_age`) VALUES(2, 'service_name 2', '2010-08-11 15:51:08', '2010-08-11 15:51:08', 'description 2', 2)[0m
  [4;35;1mSQL (0.1ms)[0m   [0mRELEASE SAVEPOINT active_record_1[0m
  [4;36;1mSQL (0.1ms)[0m   [0;1mSAVEPOINT active_record_1[0m
  [4;35;1mService Create (0.1ms)[0m   [0mINSERT INTO `services` (`min_age`, `service_name`, `created_at`, `updated_at`, `description`, `max_age`) VALUES(3, 'service_name 3', '2010-08-11 15:51:08', '2010-08-11 15:51:08', 'description 3', 3)[0m
  [4;36;1mSQL (0.1ms)[0m   [0;1mRELEASE SAVEPOINT active_record_1[0m
  [4;35;1mSQL (0.1ms)[0m   [0mSAVEPOINT active_record_1[0m
  [4;36;1mService Create (0.2ms)[0m   [0;1mINSERT INTO `services` (`min_age`, `service_name`, `created_at`, `updated_at`, `description`, `max_age`) VALUES(4, 'service_name 4', '2010-08-11 15:51:08', '2010-08-11 15:51:08', 'description 4', 4)[0m
  [4;35;1mSQL (0.1ms)[0m   [0mRELEASE SAVEPOINT active_record_1[0m
REQUESTING PAGE: GET /services with {} and HTTP headers {}


Processing ServicesController#index (for 127.0.0.1 at 2010-08-12 01:51:08) [GET]
  Parameters: {"action"=>"index", "controller"=>"services"}
  [4;36;1mSQL (0.8ms)[0m   [0;1mROLLBACK[0m
  [4;36;1mSQL (0.1ms)[0m   [0;1mSET NAMES 'utf8'[0m
  [4;35;1mSQL (0.1ms)[0m   [0mSET SQL_AUTO_IS_NULL=0[0m
  [4;36;1mSQL (0.1ms)[0m   [0;1mBEGIN[0m
REQUESTING PAGE: GET /users/sign_in with {} and HTTP headers {}


Processing SessionsController#new (for 127.0.0.1 at 2010-08-12 01:57:08) [GET]
  Parameters: {"action"=>"new", "controller"=>"sessions"}
  [4;35;1mUser Columns (1.7ms)[0m   [0mSHOW FIELDS FROM `users`[0m
Rendering template within layouts/application
Rendering sessions/new
Rendered shared/_devise_links (2.1ms)
Completed in 24ms (View: 14, DB: 2) | 200 OK [http://www.example.com/users/sign_in]
REQUESTING PAGE: POST /users/sign_in with {"user"=>{"remember_me"=>"0", "password"=>"testor", "email"=>"jason@skys.org.au"}} and HTTP headers {"HTTP_REFERER"=>"/users/sign_in"}


Processing SessionsController#create (for 127.0.0.1 at 2010-08-12 01:57:08) [POST]
  Parameters: {"action"=>"create", "controller"=>"sessions", "user"=>{"remember_me"=>"0", "password"=>"[FILTERED]", "email"=>"jason@skys.org.au"}}
  [4;36;1mUser Load (0.3ms)[0m   [0;1mSELECT * FROM `users` WHERE (`users`.`email` = 'jason@skys.org.au') LIMIT 1[0m
WARNING: Can't mass-assign these protected attributes: remember_me
Rendering template within layouts/application
Rendering sessions/new
Rendered shared/_devise_links (0.5ms)
Completed in 9ms (View: 3, DB: 0) | 200 OK [http://www.example.com/users/sign_in]
REQUESTING PAGE: GET /services/new with {} and HTTP headers {"HTTP_REFERER"=>"/users/sign_in"}


Processing ServicesController#new (for 127.0.0.1 at 2010-08-12 01:57:08) [GET]
  Parameters: {"action"=>"new", "controller"=>"services"}
  [4;35;1mSQL (0.1ms)[0m   [0mROLLBACK[0m
  [4;36;1mSQL (0.1ms)[0m   [0;1mBEGIN[0m
  [4;35;1mService Columns (1.4ms)[0m   [0mSHOW FIELDS FROM `services`[0m
  [4;36;1mSQL (0.1ms)[0m   [0;1mSAVEPOINT active_record_1[0m
  [4;35;1mService Create (0.2ms)[0m   [0mINSERT INTO `services` (`min_age`, `service_name`, `created_at`, `updated_at`, `description`, `max_age`) VALUES(1, 'service_name 1', '2010-08-11 15:57:08', '2010-08-11 15:57:08', 'description 1', 1)[0m
  [4;36;1mSQL (0.1ms)[0m   [0;1mRELEASE SAVEPOINT active_record_1[0m
  [4;35;1mSQL (0.1ms)[0m   [0mSAVEPOINT active_record_1[0m
  [4;36;1mService Create (0.1ms)[0m   [0;1mINSERT INTO `services` (`min_age`, `service_name`, `created_at`, `updated_at`, `description`, `max_age`) VALUES(2, 'service_name 2', '2010-08-11 15:57:08', '2010-08-11 15:57:08', 'description 2', 2)[0m
  [4;35;1mSQL (0.1ms)[0m   [0mRELEASE SAVEPOINT active_record_1[0m
  [4;36;1mSQL (0.1ms)[0m   [0;1mSAVEPOINT active_record_1[0m
  [4;35;1mService Create (0.1ms)[0m   [0mINSERT INTO `services` (`min_age`, `service_name`, `created_at`, `updated_at`, `description`, `max_age`) VALUES(3, 'service_name 3', '2010-08-11 15:57:08', '2010-08-11 15:57:08', 'description 3', 3)[0m
  [4;36;1mSQL (0.1ms)[0m   [0;1mRELEASE SAVEPOINT active_record_1[0m
  [4;35;1mSQL (0.1ms)[0m   [0mSAVEPOINT active_record_1[0m
  [4;36;1mService Create (0.1ms)[0m   [0;1mINSERT INTO `services` (`min_age`, `service_name`, `created_at`, `updated_at`, `description`, `max_age`) VALUES(4, 'service_name 4', '2010-08-11 15:57:08', '2010-08-11 15:57:08', 'description 4', 4)[0m
  [4;35;1mSQL (0.3ms)[0m   [0mRELEASE SAVEPOINT active_record_1[0m
REQUESTING PAGE: GET /services with {} and HTTP headers {}


Processing ServicesController#index (for 127.0.0.1 at 2010-08-12 01:57:08) [GET]
  Parameters: {"action"=>"index", "controller"=>"services"}
  [4;36;1mSQL (0.8ms)[0m   [0;1mROLLBACK[0m
